<?xml version="1.0" encoding="UTF-8"?>
<testsuite xmlns:xsi="http://www.w3.org/2001/XMLSchema-instance" xsi:noNamespaceSchemaLocation="https://maven.apache.org/surefire/maven-surefire-plugin/xsd/surefire-test-report.xsd" name="com.bdd.cucumber_Options.TestRunner" time="0.4" tests="6" errors="2" skipped="4" failures="0">
  <properties>
[...]
</properties>
  <testcase name="Add Place Payload" classname="Verify if Place is being Succesfully added using AddPlaceAPI" time="0.284">
    <error message="No serializer found for class com.pojo.Location and no properties discovered to create BeanSerializer (to avoid exception, disable SerializationFeature.FAIL_ON_EMPTY_BEANS) (through reference chain: com.pojo.AddPlace[&quot;location&quot;])" type="com.fasterxml.jackson.databind.exc.InvalidDefinitionException">com.fasterxml.jackson.databind.exc.InvalidDefinitionException: No serializer found for class com.pojo.Location and no properties discovered to create BeanSerializer (to avoid exception, disable SerializationFeature.FAIL_ON_EMPTY_BEANS) (through reference chain: com.pojo.AddPlace["location"])
</error>
    <system-out><![CDATA[0.0
0.0
]]></system-out>
  </testcase>
  <testcase name="user calls &quot;AddPlaceAPI&quot; with Post http request" classname="Verify if Place is being Succesfully added using AddPlaceAPI" time="0">
    <skipped message="This step is skipped"/>
  </testcase>
  <testcase name="the API call got success with status code 200" classname="Verify if Place is being Succesfully added using AddPlaceAPI" time="0">
    <skipped message="This step is skipped"/>
  </testcase>
  <testcase name="&quot;status&quot; in response body is &quot;OK&quot;" classname="Verify if Place is being Succesfully added using AddPlaceAPI" time="0">
    <skipped message="This step is skipped"/>
  </testcase>
  <testcase name="&quot;Scope&quot; in response body is &quot;APP&quot;" classname="Verify if Place is being Succesfully added using AddPlaceAPI" time="0">
    <skipped message="This step is skipped"/>
  </testcase>
  <testcase name="Verify if Place is being Succesfully added using AddPlaceAPI" classname="Verify if Place is being Succesfully added using AddPlaceAPI" time="0">
    <error message="No serializer found for class com.pojo.Location and no properties discovered to create BeanSerializer (to avoid exception, disable SerializationFeature.FAIL_ON_EMPTY_BEANS) (through reference chain: com.pojo.AddPlace[&quot;location&quot;])" type="com.fasterxml.jackson.databind.exc.InvalidDefinitionException">com.fasterxml.jackson.databind.exc.InvalidDefinitionException: No serializer found for class com.pojo.Location and no properties discovered to create BeanSerializer (to avoid exception, disable SerializationFeature.FAIL_ON_EMPTY_BEANS) (through reference chain: com.pojo.AddPlace["location"])
</error>
  </testcase>
</testsuite>